This is pdfTeX, Version 3.1415926-2.4-1.40.13 (TeX Live 2012/Debian) (format=pdflatex 2013.2.26)  19 JAN 2016 09:47
entering extended mode
 restricted \write18 enabled.
 %&-line parsing enabled.
**Introduction.tex
(./Introduction.tex
LaTeX2e <2011/06/27>
Babel <v3.8m> and hyphenation patterns for english, dumylang, nohyphenation, bu
lgarian, ukrainian, russian, slovak, czech, dutch, french, basque, ngerman, ger
man, swissgerman, ngerman-x-2012-05-30, german-x-2012-05-30, italian, polish, p
ortuguese, galician, catalan, spanish, loaded.
(./tudthesis.cls
Document Class: tudthesis 2009/05/15 0.96 Joe Werner's TUD-Design-Manual packag
e
(/usr/share/texlive/texmf-dist/tex/latex/xkeyval/xkeyval.sty
Package: xkeyval 2008/08/13 v2.6a package option processing (HA)

(/usr/share/texlive/texmf-dist/tex/generic/xkeyval/xkeyval.tex
\XKV@toks=\toks14
\XKV@tempa@toks=\toks15
\XKV@depth=\count79
File: xkeyval.tex 2008/08/13 v2.6a key=value parser (HA)

(/usr/share/texlive/texmf-dist/tex/generic/xkeyval/keyval.tex)))
Class tudthesis Info: Unknown option 'accentcolor=tud7b`. Pass to tudreport cla
ss. on input line 37.
Class tudthesis Info: Unknown option 'colorbacktitle`. Pass to tudreport class.
 on input line 37.
Class tudthesis Info: Unknown option 'bigchapter`. Pass to tudreport class. on 
input line 37.
Class tudthesis Info: Unknown option 'openright`. Pass to tudreport class. on i
nput line 37.
Class tudthesis Info: Unknown option 'twoside`. Pass to tudreport class. on inp
ut line 37.
Class tudthesis Info: Unknown option '12pt`. Pass to tudreport class. on input 
line 37.


! LaTeX Error: File `tudreport.cls' not found.

Type X to quit or <RETURN> to proceed,
or enter new name. (Default extension: cls)

Enter file name: 
! Emergency stop.
<read *> 
         
l.44 \RequirePackage
                    {tudthess_title}^^M
*** (cannot \read from terminal in nonstop modes)

 
Here is how much of TeX's memory you used:
 242 strings out of 494562
 3441 string characters out of 3169301
 51427 words of memory out of 3000000
 3552 multiletter control sequences out of 15000+200000
 3640 words of font info for 14 fonts, out of 3000000 for 9000
 296 hyphenation exceptions out of 8191
 27i,0n,33p,183b,22s stack positions out of 5000i,500n,10000p,200000b,50000s
!  ==> Fatal error occurred, no output PDF file produced!
