This is pdfTeX, Version 3.1415926-2.4-1.40.13 (TeX Live 2012/Debian) (format=pdflatex 2013.2.26)  19 JAN 2016 09:42
entering extended mode
 restricted \write18 enabled.
 %&-line parsing enabled.
**main.tex
(./main.tex
LaTeX2e <2011/06/27>
Babel <v3.8m> and hyphenation patterns for english, dumylang, nohyphenation, bu
lgarian, ukrainian, russian, slovak, czech, dutch, french, basque, ngerman, ger
man, swissgerman, ngerman-x-2012-05-30, german-x-2012-05-30, italian, polish, p
ortuguese, galician, catalan, spanish, loaded.

! LaTeX Error: File `tudthesis.cls' not found.

Type X to quit or <RETURN> to proceed,
or enter new name. (Default extension: cls)

Enter file name: 
! Emergency stop.
<read *> 
         
l.2 \usepackage
               [english]{babel}^^M
*** (cannot \read from terminal in nonstop modes)

 
Here is how much of TeX's memory you used:
 10 strings out of 494562
 186 string characters out of 3169301
 47775 words of memory out of 3000000
 3334 multiletter control sequences out of 15000+200000
 3640 words of font info for 14 fonts, out of 3000000 for 9000
 296 hyphenation exceptions out of 8191
 10i,0n,7p,129b,8s stack positions out of 5000i,500n,10000p,200000b,50000s
!  ==> Fatal error occurred, no output PDF file produced!
