mktexpk --mfmode / --bdpi 600 --mag 1+120/600 --dpi 720 5sfr8r
mktexpk --mfmode / --bdpi 600 --mag 1+120/600 --dpi 720 5chr8r
mktexpk --mfmode / --bdpi 600 --mag 1+156/600 --dpi 756 5fpr8r
mktexpk --mfmode / --bdpi 600 --mag 1+156/600 --dpi 756 5fpr8r
mktexpk --mfmode / --bdpi 600 --mag 1+156/600 --dpi 756 5fpr8r
mktexpk --mfmode / --bdpi 600 --mag 1+156/600 --dpi 756 5fpr8r
mktexpk --mfmode / --bdpi 600 --mag 1+156/600 --dpi 756 5fpr8r
mktexpk --mfmode / --bdpi 600 --mag 1+156/600 --dpi 756 5fpr8r
mktexpk --mfmode ljfour --bdpi 600 --mag 3+360/600 --dpi 2160 5fpm8r
mktexpk --mfmode ljfour --bdpi 600 --mag 1+90/600 --dpi 690 5fpm8r
mktexpk --mfmode lexmarks --bdpi 1200 --mag 1+0/1200 --dpi 1200 5fpr8r
mktexpk --mfmode lexmarks --bdpi 1200 --mag 1+0/1200 --dpi 1200 5fpr8r
mktexpk --mfmode lexmarks --bdpi 1200 --mag 1+0/1200 --dpi 1200 5sfr8r
mktexpk --mfmode lexmarks --bdpi 1200 --mag 1+0/1200 --dpi 1200 5sfr8r
mktexpk --mfmode lexmarks --bdpi 1200 --mag 1+0/1200 --dpi 1200 5fpm8r
mktexpk --mfmode lexmarks --bdpi 1200 --mag 1+0/1200 --dpi 1200 5fpr8r
mktexpk --mfmode lexmarks --bdpi 1200 --mag 1+0/1200 --dpi 1200 5fpm8r
mktexpk --mfmode lexmarks --bdpi 1200 --mag 1+0/1200 --dpi 1200 5fpr8r
mktexpk --mfmode lexmarks --bdpi 1200 --mag 1+0/1200 --dpi 1200 5fpm8r
mktexpk --mfmode lexmarks --bdpi 1200 --mag 1+0/1200 --dpi 1200 5fpm8r
mktexpk --mfmode lexmarks --bdpi 1200 --mag 1+0/1200 --dpi 1200 5chr8r
mktexpk --mfmode / --bdpi 600 --mag 1+156/600 --dpi 756 5fpr8r
